<?xml version="1.0" encoding="utf-8"?><testsuites><testsuite name="pytest" errors="0" failures="1" skipped="1" tests="3" time="0.260" timestamp="2022-09-12T17:34:16.387949" hostname="sid-ThinkPad-X1-Linux"><testcase classname="py_intpubsub.test.test_copyright" name="test_copyright" time="0.000"><skipped type="pytest.skip" message="No copyright header has been placed in the generated source file.">/home/sid/RBE500/ros/src/py_intpubsub/test/test_copyright.py:20: No copyright header has been placed in the generated source file.</skipped></testcase><testcase classname="py_intpubsub.test.test_flake8" name="test_flake8" time="0.103"><failure message="AssertionError: Found 6 code style errors / warnings:&#10;  ./setup.py:23:1: W191 indentation contains tabs&#10;  ./setup.py:23:1: E101 indentation contains mixed spaces and tabs&#10;  ./setup.py:24:1: W191 indentation contains tabs&#10;  ./setup.py:24:1: E101 indentation contains mixed spaces and tabs&#10;  ./py_intpubsub/int_subscriber.py:35:14: E228 missing whitespace around modulo operator&#10;  ./py_intpubsub/int_subscriber.py:35:16: E225 missing whitespace around operator&#10;assert 1 == 0">test/test_flake8.py:23: in test_flake8
    assert rc == 0, \
E   AssertionError: Found 6 code style errors / warnings:
E     ./setup.py:23:1: W191 indentation contains tabs
E     ./setup.py:23:1: E101 indentation contains mixed spaces and tabs
E     ./setup.py:24:1: W191 indentation contains tabs
E     ./setup.py:24:1: E101 indentation contains mixed spaces and tabs
E     ./py_intpubsub/int_subscriber.py:35:14: E228 missing whitespace around modulo operator
E     ./py_intpubsub/int_subscriber.py:35:16: E225 missing whitespace around operator
E   assert 1 == 0</failure></testcase><testcase classname="py_intpubsub.test.test_pep257" name="test_pep257" time="0.020" /></testsuite></testsuites>