[1m============================= test session starts ==============================[0m
platform linux -- Python 3.10.4, pytest-6.2.5, py-1.10.0, pluggy-0.13.0
cachedir: /home/sid/RBE500/ros/build/py_intpubsub/.pytest_cache
rootdir: /home/sid/RBE500/ros/src/py_intpubsub
plugins: ament-pep257-0.12.4, launch-testing-ros-0.19.3, launch-testing-1.0.2, ament-copyright-0.12.4, ament-xmllint-0.12.4, ament-lint-0.12.4, ament-flake8-0.12.4, cov-3.0.0, colcon-core-0.10.0
[1mcollecting ... [0m[1m
collected 3 items                                                              [0m

test/test_copyright.py [33ms[0m[32m                                                 [ 33%][0m
test/test_flake8.py [31mF[0m[31m                                                    [ 66%][0m
test/test_pep257.py [32m.[0m[31m                                                    [100%][0m

=================================== FAILURES ===================================
[31m[1m_________________________________ test_flake8 __________________________________[0m
[1m[31mtest/test_flake8.py[0m:23: in test_flake8
    [94massert[39;49;00m rc == [94m0[39;49;00m, \
[1m[31mE   AssertionError: Found 6 code style errors / warnings:[0m
[1m[31mE     ./setup.py:23:1: W191 indentation contains tabs[0m
[1m[31mE     ./setup.py:23:1: E101 indentation contains mixed spaces and tabs[0m
[1m[31mE     ./setup.py:24:1: W191 indentation contains tabs[0m
[1m[31mE     ./setup.py:24:1: E101 indentation contains mixed spaces and tabs[0m
[1m[31mE     ./py_intpubsub/int_subscriber.py:35:14: E228 missing whitespace around modulo operator[0m
[1m[31mE     ./py_intpubsub/int_subscriber.py:35:16: E225 missing whitespace around operator[0m
[1m[31mE   assert 1 == 0[0m
----------------------------- Captured stdout call -----------------------------

./setup.py:23:1: W191 indentation contains tabs
		'talker = py_intpubsub.int_publisher:main',
^

./setup.py:23:1: E101 indentation contains mixed spaces and tabs
		'talker = py_intpubsub.int_publisher:main',
^

./setup.py:24:1: W191 indentation contains tabs
		'listener = py_intpubsub.int_subscriber:main',
^

./setup.py:24:1: E101 indentation contains mixed spaces and tabs
		'listener = py_intpubsub.int_subscriber:main',
^

./py_intpubsub/int_subscriber.py:35:14: E228 missing whitespace around modulo operator
        if (i%2==0):
             ^

./py_intpubsub/int_subscriber.py:35:16: E225 missing whitespace around operator
        if (i%2==0):
               ^

2     E101 indentation contains mixed spaces and tabs
1     E225 missing whitespace around operator
1     E228 missing whitespace around modulo operator
2     W191 indentation contains tabs

7 files checked
6 errors

'E'-type errors: 4
'W'-type errors: 2

Checked files:

* ./setup.py
* ./test/test_pep257.py
* ./test/test_flake8.py
* ./test/test_copyright.py
* ./py_intpubsub/int_publisher.py
* ./py_intpubsub/__init__.py
* ./py_intpubsub/int_subscriber.py
----------------------------- Captured stderr call -----------------------------
option --max-complexity: please update from optparse string `type=` to argparse callable `type=` -- this will be an error in the future
---- generated xml file: /home/sid/RBE500/ros/build/py_intpubsub/pytest.xml ----
[33m=============================== warnings summary ===============================[0m
test/test_flake8.py::test_flake8
test/test_flake8.py::test_flake8
  Warning: SelectableGroups dict interface is deprecated. Use select.

-- Docs: https://docs.pytest.org/en/stable/warnings.html
=========================== short test summary info ============================
FAILED test/test_flake8.py::test_flake8 - AssertionError: Found 6 code style ...
[31m============== [31m[1m1 failed[0m, [32m1 passed[0m, [33m1 skipped[0m, [33m2 warnings[0m[31m in 0.30s[0m[31m ==============[0m
