[0.259s] Invoking command in '/home/sid/RBE500/ros/src/py_intpubsub': AMENT_PREFIX_PATH=/home/sid/RBE500/ros/install/py_intpubsub:${AMENT_PREFIX_PATH} PS1=(rbe-500) \[\e]0;\u@\h: \w\a\]${debian_chroot:+($debian_chroot)}\[\033[01;32m\]\u@\h\[\033[00m\]:\[\033[01;34m\]\w\[\033[00m\]\$ PYTEST_ADDOPTS=--tb=short --junit-xml=/home/sid/RBE500/ros/build/py_intpubsub/pytest.xml --junit-prefix=py_intpubsub -o cache_dir=/home/sid/RBE500/ros/build/py_intpubsub/.pytest_cache PYTHONPATH=/home/sid/RBE500/ros/install/py_intpubsub/lib/python3.10/site-packages:${PYTHONPATH} VIRTUAL_ENV_PROMPT=(rbe-500) /usr/bin/python3 -m pytest
[0.602s] [1m============================= test session starts ==============================[0m
[0.602s] platform linux -- Python 3.10.4, pytest-6.2.5, py-1.10.0, pluggy-0.13.0
[0.607s] cachedir: /home/sid/RBE500/ros/build/py_intpubsub/.pytest_cache
[0.607s] rootdir: /home/sid/RBE500/ros/src/py_intpubsub
[0.607s] plugins: ament-pep257-0.12.4, launch-testing-ros-0.19.3, launch-testing-1.0.2, ament-copyright-0.12.4, ament-xmllint-0.12.4, ament-lint-0.12.4, ament-flake8-0.12.4, cov-3.0.0, colcon-core-0.10.0
[0.697s] [1mcollecting ... [0m[1m
[0.698s] collected 3 items                                                              [0m
[0.698s] 
[0.706s] test/test_copyright.py [33ms[0m[32m                                                 [ 33%][0m
[0.837s] test/test_flake8.py [31mF[0m[31m                                                    [ 66%][0m
[0.859s] test/test_pep257.py [32m.[0m[31m                                                    [100%][0m
[0.859s] 
[0.859s] =================================== FAILURES ===================================
[0.859s] [31m[1m_________________________________ test_flake8 __________________________________[0m
[0.860s] [1m[31mtest/test_flake8.py[0m:23: in test_flake8
[0.901s]     [94massert[39;49;00m rc == [94m0[39;49;00m, \
[0.901s] [1m[31mE   AssertionError: Found 6 code style errors / warnings:[0m
[0.901s] [1m[31mE     ./setup.py:23:1: W191 indentation contains tabs[0m
[0.901s] [1m[31mE     ./setup.py:23:1: E101 indentation contains mixed spaces and tabs[0m
[0.901s] [1m[31mE     ./setup.py:24:1: W191 indentation contains tabs[0m
[0.902s] [1m[31mE     ./setup.py:24:1: E101 indentation contains mixed spaces and tabs[0m
[0.902s] [1m[31mE     ./py_intpubsub/int_subscriber.py:35:14: E228 missing whitespace around modulo operator[0m
[0.902s] [1m[31mE     ./py_intpubsub/int_subscriber.py:35:16: E225 missing whitespace around operator[0m
[0.902s] [1m[31mE   assert 1 == 0[0m
[0.902s] ----------------------------- Captured stdout call -----------------------------
[0.902s] 
[0.902s] ./setup.py:23:1: W191 indentation contains tabs
[0.902s] 		'talker = py_intpubsub.int_publisher:main',
[0.902s] ^
[0.902s] 
[0.902s] ./setup.py:23:1: E101 indentation contains mixed spaces and tabs
[0.903s] 		'talker = py_intpubsub.int_publisher:main',
[0.903s] ^
[0.903s] 
[0.903s] ./setup.py:24:1: W191 indentation contains tabs
[0.903s] 		'listener = py_intpubsub.int_subscriber:main',
[0.903s] ^
[0.903s] 
[0.903s] ./setup.py:24:1: E101 indentation contains mixed spaces and tabs
[0.903s] 		'listener = py_intpubsub.int_subscriber:main',
[0.903s] ^
[0.903s] 
[0.903s] ./py_intpubsub/int_subscriber.py:35:14: E228 missing whitespace around modulo operator
[0.904s]         if (i%2==0):
[0.904s]              ^
[0.904s] 
[0.904s] ./py_intpubsub/int_subscriber.py:35:16: E225 missing whitespace around operator
[0.904s]         if (i%2==0):
[0.904s]                ^
[0.904s] 
[0.904s] 2     E101 indentation contains mixed spaces and tabs
[0.904s] 1     E225 missing whitespace around operator
[0.904s] 1     E228 missing whitespace around modulo operator
[0.904s] 2     W191 indentation contains tabs
[0.905s] 
[0.905s] 7 files checked
[0.905s] 6 errors
[0.905s] 
[0.905s] 'E'-type errors: 4
[0.905s] 'W'-type errors: 2
[0.905s] 
[0.905s] Checked files:
[0.905s] 
[0.905s] * ./setup.py
[0.905s] * ./test/test_pep257.py
[0.905s] * ./test/test_flake8.py
[0.906s] * ./test/test_copyright.py
[0.906s] * ./py_intpubsub/int_publisher.py
[0.906s] * ./py_intpubsub/__init__.py
[0.906s] * ./py_intpubsub/int_subscriber.py
[0.906s] ----------------------------- Captured stderr call -----------------------------
[0.906s] option --max-complexity: please update from optparse string `type=` to argparse callable `type=` -- this will be an error in the future
[0.906s] ---- generated xml file: /home/sid/RBE500/ros/build/py_intpubsub/pytest.xml ----
[0.906s] [33m=============================== warnings summary ===============================[0m
[0.906s] test/test_flake8.py::test_flake8
[0.906s] test/test_flake8.py::test_flake8
[0.907s]   Warning: SelectableGroups dict interface is deprecated. Use select.
[0.907s] 
[0.907s] -- Docs: https://docs.pytest.org/en/stable/warnings.html
[0.907s] =========================== short test summary info ============================
[0.907s] FAILED test/test_flake8.py::test_flake8 - AssertionError: Found 6 code style ...
[0.907s] [31m============== [31m[1m1 failed[0m, [32m1 passed[0m, [33m1 skipped[0m, [33m2 warnings[0m[31m in 0.30s[0m[31m ==============[0m
[1.002s] Invoked command in '/home/sid/RBE500/ros/src/py_intpubsub' returned '1': AMENT_PREFIX_PATH=/home/sid/RBE500/ros/install/py_intpubsub:${AMENT_PREFIX_PATH} PS1=(rbe-500) \[\e]0;\u@\h: \w\a\]${debian_chroot:+($debian_chroot)}\[\033[01;32m\]\u@\h\[\033[00m\]:\[\033[01;34m\]\w\[\033[00m\]\$ PYTEST_ADDOPTS=--tb=short --junit-xml=/home/sid/RBE500/ros/build/py_intpubsub/pytest.xml --junit-prefix=py_intpubsub -o cache_dir=/home/sid/RBE500/ros/build/py_intpubsub/.pytest_cache PYTHONPATH=/home/sid/RBE500/ros/install/py_intpubsub/lib/python3.10/site-packages:${PYTHONPATH} VIRTUAL_ENV_PROMPT=(rbe-500) /usr/bin/python3 -m pytest
