<?xml version="1.0" encoding="utf-8"?><testsuites><testsuite name="pytest" errors="0" failures="0" skipped="1" tests="3" time="0.199" timestamp="2022-09-12T17:34:16.609290" hostname="sid-ThinkPad-X1-Linux"><testcase classname="sid_package.test.test_copyright" name="test_copyright" time="0.000"><skipped type="pytest.skip" message="No copyright header has been placed in the generated source file.">/home/sid/RBE500/ros/src/sid_package/test/test_copyright.py:20: No copyright header has been placed in the generated source file.</skipped></testcase><testcase classname="sid_package.test.test_flake8" name="test_flake8" time="0.085" /><testcase classname="sid_package.test.test_pep257" name="test_pep257" time="0.018" /></testsuite></testsuites>